2025-10-15 16:19:54,564 - INFO - Succesfully read the YAML file
2025-10-15 16:19:54,565 - INFO - Data Ingestion Started....
2025-10-15 16:19:54,565 - INFO - Starting Data Ingestion Process....
2025-10-15 16:20:06,641 - ERROR - Error while downloading data from GCP
2025-10-15 16:20:06,642 - ERROR - CustomException : Error in C:\DA\Projects\Machine Leaning Projects\Hybrid_Anime_Recommender_System\src\data_ingestion.py , line 24 : Failed to download data
2025-10-15 16:20:06,642 - INFO - Data Ingestion DONE...
2025-10-15 16:30:24,294 - INFO - Succesfully read the YAML file
2025-10-15 16:30:24,294 - INFO - Data Ingestion Started....
2025-10-15 16:30:24,294 - INFO - Starting Data Ingestion Process....
2025-10-15 16:30:24,294 - INFO - Initializing GCP client...
2025-10-15 16:30:24,460 - INFO - Fetching bucket...
2025-10-15 16:30:24,460 - INFO - Processing file: anime.csv
2025-10-15 16:30:31,708 - INFO - \u2705 Downloaded smaller file.
2025-10-15 16:30:31,708 - INFO - Processing file: anime_with_synopsis.csv
2025-10-15 16:30:41,302 - INFO - \u2705 Downloaded smaller file.
2025-10-15 16:30:41,302 - INFO - Processing file: animelist.csv
2025-10-15 16:57:07,186 - INFO - \u2705 Large file detected — only 5M rows downloaded.
2025-10-15 16:57:07,208 - INFO - Data Ingestion Completed...
2025-10-15 16:57:07,208 - INFO - Data Ingestion DONE...
2025-10-15 21:25:06,323 - INFO - DataProcessing Intialized
2025-10-15 21:25:07,169 - INFO - Data loaded sucesfully for Data Processing
2025-10-15 21:25:07,303 - INFO - Filtered users sucesfully...
2025-10-15 21:25:08,382 - INFO - Scalind done for Processing 
2025-10-15 21:25:08,485 - INFO - Encoding done for Users and Anime
2025-10-15 21:25:08,921 - INFO - Data splitted sucesfullyy
2025-10-15 21:25:08,961 - INFO - user2user_encoded saved sucesfully in processed directory
2025-10-15 21:25:08,972 - INFO - user2user_decoded saved sucesfully in processed directory
2025-10-15 21:25:09,024 - INFO - anim2anime_encoded saved sucesfully in processed directory
2025-10-15 21:25:09,066 - INFO - anim2anime_decoded saved sucesfully in processed directory
2025-10-15 21:25:13,739 - INFO - ALl the training testing data as well as rating_df is saved now..
2025-10-15 21:25:19,339 - INFO - DF AND SYNOPSIS_Df saved sucesfullyy...
2025-10-15 21:25:19,342 - INFO - Data Processing Pipeline Run sucesfully .... Congrats
2025-10-15 21:27:03,518 - INFO - Model Training & COMET ML initialized..
2025-10-15 21:27:03,653 - INFO - Data loaded sucesfully for Model Trainig
2025-10-15 21:27:03,718 - INFO - Succesfully read the YAML file
2025-10-15 21:27:03,718 - INFO - Loaded configuration from config.yaml
2025-10-15 21:27:03,815 - INFO - Model created sucesfully....
2025-10-15 21:28:13,913 - INFO - Model training Completedd.....
2025-10-15 21:28:13,913 - WARNING - You are saving your model as an HDF5 file via `model.save()` or `keras.saving.save_model(model)`. This file format is considered legacy. We recommend using instead the native Keras format, e.g. `model.save('my_model.keras')` or `keras.saving.save_model(model, 'my_model.keras')`. 
2025-10-15 21:28:13,956 - INFO - Model saved to artifacts/model\model.h5
2025-10-15 21:28:13,958 - INFO - Extracting weights for user_embedding
2025-10-15 21:28:13,967 - INFO - Extracting weights for anime_embedding
2025-10-15 21:28:14,055 - INFO - User and Anime weights saved sucesfully....
2025-10-15 21:33:33,213 - INFO - Model Training & COMET ML initialized..
2025-10-15 21:33:33,308 - INFO - Data loaded sucesfully for Model Trainig
2025-10-15 21:33:33,334 - INFO - Succesfully read the YAML file
2025-10-15 21:33:33,334 - INFO - Loaded configuration from config.yaml
2025-10-15 21:33:33,399 - INFO - Model created sucesfully....
2025-10-15 21:34:46,279 - INFO - Model training Completedd.....
2025-10-15 21:34:46,280 - WARNING - You are saving your model as an HDF5 file via `model.save()` or `keras.saving.save_model(model)`. This file format is considered legacy. We recommend using instead the native Keras format, e.g. `model.save('my_model.keras')` or `keras.saving.save_model(model, 'my_model.keras')`. 
2025-10-15 21:34:46,372 - INFO - Model saved to artifacts/model\model.h5
2025-10-15 21:34:46,377 - INFO - Extracting weights for user_embedding
2025-10-15 21:34:46,391 - INFO - Extracting weights for anime_embedding
2025-10-15 21:34:46,549 - INFO - User and Anime weights saved sucesfully....
